{"C:\\TFS\\Marasco1\\Marasco\\marasco-core-geo\\index.js":{"path":"C:\\TFS\\Marasco1\\Marasco\\marasco-core-geo\\index.js","s":{"1":1,"2":1},"b":{},"f":{},"fnMap":{},"statementMap":{"1":{"start":{"line":3,"column":0},"end":{"line":3,"column":30}},"2":{"start":{"line":7,"column":0},"end":{"line":10,"column":2}}},"branchMap":{}},"C:\\TFS\\Marasco1\\Marasco\\marasco-core-geo\\lib\\geo.js":{"path":"C:\\TFS\\Marasco1\\Marasco\\marasco-core-geo\\lib\\geo.js","s":{"1":1,"2":1,"3":1,"4":2,"5":2,"6":1,"7":1,"8":1,"9":1,"10":1,"11":0,"12":1,"13":1,"14":1,"15":0,"16":8},"b":{"1":[1,1],"2":[0,1],"3":[1,0]},"f":{"1":2,"2":8},"fnMap":{"1":{"name":"(anonymous_1)","line":8,"loc":{"start":{"line":8,"column":12},"end":{"line":8,"column":32}}},"2":{"name":"(anonymous_2)","line":34,"loc":{"start":{"line":34,"column":10},"end":{"line":34,"column":36}}}},"statementMap":{"1":{"start":{"line":2,"column":0},"end":{"line":2,"column":33}},"2":{"start":{"line":4,"column":0},"end":{"line":4,"column":43}},"3":{"start":{"line":7,"column":0},"end":{"line":37,"column":1}},"4":{"start":{"line":9,"column":8},"end":{"line":9,"column":30}},"5":{"start":{"line":11,"column":8},"end":{"line":13,"column":9}},"6":{"start":{"line":12,"column":12},"end":{"line":12,"column":72}},"7":{"start":{"line":15,"column":8},"end":{"line":31,"column":11}},"8":{"start":{"line":16,"column":12},"end":{"line":16,"column":49}},"9":{"start":{"line":17,"column":12},"end":{"line":17,"column":42}},"10":{"start":{"line":20,"column":12},"end":{"line":30,"column":13}},"11":{"start":{"line":21,"column":16},"end":{"line":21,"column":39}},"12":{"start":{"line":23,"column":16},"end":{"line":28,"column":17},"skip":true},"13":{"start":{"line":24,"column":20},"end":{"line":24,"column":60},"skip":true},"14":{"start":{"line":25,"column":20},"end":{"line":25,"column":56},"skip":true},"15":{"start":{"line":27,"column":20},"end":{"line":27,"column":82},"skip":true},"16":{"start":{"line":35,"column":8},"end":{"line":35,"column":45}}},"branchMap":{"1":{"line":11,"type":"if","locations":[{"start":{"line":11,"column":8},"end":{"line":11,"column":8}},{"start":{"line":11,"column":8},"end":{"line":11,"column":8}}]},"2":{"line":20,"type":"if","locations":[{"start":{"line":20,"column":12},"end":{"line":20,"column":12}},{"start":{"line":20,"column":12},"end":{"line":20,"column":12},"skip":true}]},"3":{"line":23,"type":"if","locations":[{"start":{"line":23,"column":16},"end":{"line":23,"column":16},"skip":true},{"start":{"line":23,"column":16},"end":{"line":23,"column":16},"skip":true}]}}}}