{"C:\\TFS\\Marasco1\\Marasco\\marasco-core-geo\\index.js":{"path":"C:\\TFS\\Marasco1\\Marasco\\marasco-core-geo\\index.js","s":{"1":1,"2":1},"b":{},"f":{},"fnMap":{},"statementMap":{"1":{"start":{"line":3,"column":0},"end":{"line":3,"column":30}},"2":{"start":{"line":7,"column":0},"end":{"line":10,"column":2}}},"branchMap":{}},"C:\\TFS\\Marasco1\\Marasco\\marasco-core-geo\\lib\\geo.js":{"path":"C:\\TFS\\Marasco1\\Marasco\\marasco-core-geo\\lib\\geo.js","s":{"1":1,"2":1,"3":1,"4":3,"5":3,"6":3,"7":2,"8":1,"9":3,"10":2,"11":1},"b":{"1":[3,1],"2":[2,1]},"f":{"1":3},"fnMap":{"1":{"name":"(anonymous_1)","line":8,"loc":{"start":{"line":8,"column":12},"end":{"line":8,"column":31}}}},"statementMap":{"1":{"start":{"line":2,"column":0},"end":{"line":2,"column":31}},"2":{"start":{"line":4,"column":0},"end":{"line":4,"column":43}},"3":{"start":{"line":7,"column":0},"end":{"line":24,"column":1}},"4":{"start":{"line":9,"column":8},"end":{"line":9,"column":32}},"5":{"start":{"line":11,"column":8},"end":{"line":11,"column":32}},"6":{"start":{"line":12,"column":8},"end":{"line":16,"column":9}},"7":{"start":{"line":13,"column":12},"end":{"line":13,"column":30}},"8":{"start":{"line":15,"column":12},"end":{"line":15,"column":30}},"9":{"start":{"line":18,"column":8},"end":{"line":21,"column":35}},"10":{"start":{"line":20,"column":30},"end":{"line":20,"column":43}},"11":{"start":{"line":21,"column":28},"end":{"line":21,"column":33}}},"branchMap":{"1":{"line":11,"type":"binary-expr","locations":[{"start":{"line":11,"column":18},"end":{"line":11,"column":25}},{"start":{"line":11,"column":29},"end":{"line":11,"column":31}}]},"2":{"line":12,"type":"if","locations":[{"start":{"line":12,"column":8},"end":{"line":12,"column":8}},{"start":{"line":12,"column":8},"end":{"line":12,"column":8}}]}}}}