TN:
SF:C:\TFS\Marasco1\Marasco\marasco-core-geo\index.js
FNF:0
FNH:0
DA:3,1
DA:7,1
LF:2
LH:2
BRF:0
BRH:0
end_of_record
TN:
SF:C:\TFS\Marasco1\Marasco\marasco-core-geo\lib\geo.js
FN:8,(anonymous_1)
FN:34,(anonymous_2)
FNF:2
FNH:2
FNDA:2,(anonymous_1)
FNDA:8,(anonymous_2)
DA:2,1
DA:4,1
DA:7,1
DA:9,2
DA:11,2
DA:12,1
DA:15,1
DA:16,1
DA:17,1
DA:20,1
DA:21,0
DA:23,1
DA:24,1
DA:25,1
DA:27,1
DA:35,8
LF:16
LH:15
BRDA:11,1,0,1
BRDA:11,1,1,1
BRDA:20,2,0,0
BRDA:20,2,1,1
BRDA:23,3,0,1
BRDA:23,3,1,0
BRF:6
BRH:5
end_of_record
